<?xml version="1.0" encoding="UTF-8"?>
<testsuite xmlns:xsi="http://www.w3.org/2001/XMLSchema-instance" xsi:noNamespaceSchemaLocation="https://maven.apache.org/surefire/maven-surefire-plugin/xsd/surefire-test-report-3.0.xsd" version="3.0" name="com.library.LibraryManagementTests" time="5.234" tests="4" errors="0" skipped="0" failures="0">
  <properties>
[...]
</properties>
  <testcase name="testAnnotationConfigurationAndDI" classname="com.library.LibraryManagementTests" time="0.418">
    <system-out><![CDATA[13:50:24.492 [main] INFO org.springframework.test.context.support.AnnotationConfigContextLoaderUtils -- Could not detect default configuration classes for test class [com.library.LibraryManagementTests]: LibraryManagementTests does not declare any static, non-private, non-final, nested classes annotated with @Configuration.
13:50:24.562 [main] INFO org.springframework.boot.test.context.SpringBootTestContextBootstrapper -- Found @SpringBootConfiguration com.library.LibraryManagementApplication for test class com.library.LibraryManagementTests

  .   ____          _            __ _ _
 /\\ / ___'_ __ _ _(_)_ __  __ _ \ \ \ \
( ( )\___ | '_ | '_| | '_ \/ _` | \ \ \ \
 \\/  ___)| |_)| | | | | || (_| |  ) ) ) )
  '  |____| .__|_| |_|_| |_\__, | / / / /
 =========|_|==============|___/=/_/_/_/
 :: Spring Boot ::                (v3.2.5)

2026-07-22T13:50:24.795+05:30  INFO 43958 --- [LibraryManagement] [           main] com.library.LibraryManagementTests       : Starting LibraryManagementTests using Java 26.0.1 with PID 43958 (started by shashankraman in /Users/shashankraman/Desktop/week 4/LibraryManagement)
2026-07-22T13:50:24.800+05:30  INFO 43958 --- [LibraryManagement] [           main] com.library.LibraryManagementTests       : No active profile set, falling back to 1 default profile: "default"
2026-07-22T13:50:25.197+05:30  INFO 43958 --- [LibraryManagement] [           main] .s.d.r.c.RepositoryConfigurationDelegate : Bootstrapping Spring Data JPA repositories in DEFAULT mode.
2026-07-22T13:50:25.210+05:30  INFO 43958 --- [LibraryManagement] [           main] .s.d.r.c.RepositoryConfigurationDelegate : Finished Spring Data repository scanning in 8 ms. Found 0 JPA repository interfaces.
2026-07-22T13:50:25.635+05:30  INFO 43958 --- [LibraryManagement] [           main] o.hibernate.jpa.internal.util.LogHelper  : HHH000204: Processing PersistenceUnitInfo [name: default]
2026-07-22T13:50:25.680+05:30  INFO 43958 --- [LibraryManagement] [           main] org.hibernate.Version                    : HHH000412: Hibernate ORM core version 6.4.4.Final
2026-07-22T13:50:25.707+05:30  INFO 43958 --- [LibraryManagement] [           main] o.h.c.internal.RegionFactoryInitiator    : HHH000026: Second-level cache disabled
2026-07-22T13:50:25.920+05:30  INFO 43958 --- [LibraryManagement] [           main] o.s.o.j.p.SpringPersistenceUnitInfo      : No LoadTimeWeaver setup: ignoring JPA class transformer
2026-07-22T13:50:25.946+05:30  INFO 43958 --- [LibraryManagement] [           main] com.zaxxer.hikari.HikariDataSource       : HikariPool-1 - Starting...
2026-07-22T13:50:26.118+05:30  INFO 43958 --- [LibraryManagement] [           main] com.zaxxer.hikari.pool.HikariPool        : HikariPool-1 - Added connection conn0: url=jdbc:h2:mem:librarydb user=SA
2026-07-22T13:50:26.120+05:30  INFO 43958 --- [LibraryManagement] [           main] com.zaxxer.hikari.HikariDataSource       : HikariPool-1 - Start completed.
2026-07-22T13:50:26.164+05:30  WARN 43958 --- [LibraryManagement] [           main] org.hibernate.orm.deprecation            : HHH90000025: H2Dialect does not need to be specified explicitly using 'hibernate.dialect' (remove the property setting and it will be selected by default)
2026-07-22T13:50:26.795+05:30  INFO 43958 --- [LibraryManagement] [           main] o.h.e.t.j.p.i.JtaPlatformInitiator       : HHH000489: No JTA platform available (set 'hibernate.transaction.jta.platform' to enable JTA platform integration)
Hibernate: create table books (id bigint generated by default as identity, author varchar(255), isbn varchar(255), price float(53) not null, title varchar(255), primary key (id))
2026-07-22T13:50:26.828+05:30  INFO 43958 --- [LibraryManagement] [           main] j.LocalContainerEntityManagerFactoryBean : Initialized JPA EntityManagerFactory for persistence unit 'default'
[BookService] Default Constructor called.
[BookService] Setter Injection setBookRepository called.
2026-07-22T13:50:27.055+05:30  WARN 43958 --- [LibraryManagement] [           main] JpaBaseConfiguration$JpaWebConfiguration : spring.jpa.open-in-view is enabled by default. Therefore, database queries may be performed during view rendering. Explicitly configure spring.jpa.open-in-view to disable this warning
2026-07-22T13:50:28.117+05:30  INFO 43958 --- [LibraryManagement] [           main] o.s.b.a.h2.H2ConsoleAutoConfiguration    : H2 console available at '/h2-console'. Database available at 'jdbc:h2:mem:librarydb'
2026-07-22T13:50:28.278+05:30  INFO 43958 --- [LibraryManagement] [           main] com.library.LibraryManagementTests       : Started LibraryManagementTests in 3.626 seconds (process running for 4.297)

[Spring Boot Runner] Spring Boot initialized. Available REST Endpoints:
   GET    http://localhost:8080/api/books
   GET    http://localhost:8080/api/books/{id}
   POST   http://localhost:8080/api/books
   PUT    http://localhost:8080/api/books/{id}
   DELETE http://localhost:8080/api/books/{id}
   H2 Console: http://localhost:8080/h2-console
[AOP BEFORE] Executing method: BookService.getBookRepository()
[AOP AFTER] Completed method: BookService.getBookRepository()
[AOP TIMER] Method BookService.getBookRepository() executed in 1 ms.
]]></system-out>
    <system-err><![CDATA[WARNING: A Java agent has been loaded dynamically (/Users/shashankraman/.m2/repository/net/bytebuddy/byte-buddy-agent/1.14.13/byte-buddy-agent-1.14.13.jar)
WARNING: If a serviceability tool is in use, please run with -XX:+EnableDynamicAgentLoading to hide this warning
WARNING: If a serviceability tool is not in use, please run with -Djdk.instrument.traceUsage for more information
WARNING: Dynamic loading of agents will be disallowed by default in a future release
]]></system-err>
  </testcase>
  <testcase name="testXmlConfigurationAndDI" classname="com.library.LibraryManagementTests" time="0.855">
    <system-out><![CDATA[2026-07-22T13:50:28.901+05:30  INFO 43958 --- [LibraryManagement] [           main] .s.d.r.c.RepositoryConfigurationDelegate : Bootstrapping Spring Data JPA repositories in DEFAULT mode.
2026-07-22T13:50:28.903+05:30  INFO 43958 --- [LibraryManagement] [           main] .s.d.r.c.RepositoryConfigurationDelegate : Finished Spring Data repository scanning in 1 ms. Found 0 JPA repository interfaces.
2026-07-22T13:50:29.006+05:30  INFO 43958 --- [LibraryManagement] [           main] com.zaxxer.hikari.HikariDataSource       : HikariPool-2 - Starting...
2026-07-22T13:50:29.010+05:30  INFO 43958 --- [LibraryManagement] [           main] com.zaxxer.hikari.pool.HikariPool        : HikariPool-2 - Added connection conn10: url=jdbc:h2:mem:b0ef2114-daa7-48a0-a36f-71e50cafb074 user=SA
2026-07-22T13:50:29.011+05:30  INFO 43958 --- [LibraryManagement] [           main] com.zaxxer.hikari.HikariDataSource       : HikariPool-2 - Start completed.
2026-07-22T13:50:29.020+05:30  INFO 43958 --- [LibraryManagement] [           main] o.hibernate.jpa.internal.util.LogHelper  : HHH000204: Processing PersistenceUnitInfo [name: default]
2026-07-22T13:50:29.022+05:30  INFO 43958 --- [LibraryManagement] [           main] o.h.c.internal.RegionFactoryInitiator    : HHH000026: Second-level cache disabled
2026-07-22T13:50:29.025+05:30  INFO 43958 --- [LibraryManagement] [           main] o.s.o.j.p.SpringPersistenceUnitInfo      : No LoadTimeWeaver setup: ignoring JPA class transformer
2026-07-22T13:50:29.104+05:30  INFO 43958 --- [LibraryManagement] [           main] o.h.e.t.j.p.i.JtaPlatformInitiator       : HHH000489: No JTA platform available (set 'hibernate.transaction.jta.platform' to enable JTA platform integration)
2026-07-22T13:50:29.115+05:30  INFO 43958 --- [LibraryManagement] [           main] j.LocalContainerEntityManagerFactoryBean : Initialized JPA EntityManagerFactory for persistence unit 'default'
[BookService] Default Constructor called.
[BookService] Setter Injection setBookRepository called.
[AOP BEFORE] Executing method: BookService.getBookRepository()
[AOP AFTER] Completed method: BookService.getBookRepository()
[AOP TIMER] Method BookService.getBookRepository() executed in 1 ms.
[AOP BEFORE] Executing method: BookService.getAllBooks()
[BookService] Fetching all books...
[AOP AFTER] Completed method: BookService.getAllBooks()
[AOP TIMER] Method BookService.getAllBooks() executed in 0 ms.
2026-07-22T13:50:29.568+05:30  INFO 43958 --- [LibraryManagement] [           main] j.LocalContainerEntityManagerFactoryBean : Closing JPA EntityManagerFactory for persistence unit 'default'
2026-07-22T13:50:29.572+05:30  INFO 43958 --- [LibraryManagement] [           main] com.zaxxer.hikari.HikariDataSource       : HikariPool-2 - Shutdown initiated...
2026-07-22T13:50:29.574+05:30  INFO 43958 --- [LibraryManagement] [           main] com.zaxxer.hikari.HikariDataSource       : HikariPool-2 - Shutdown completed.
]]></system-out>
  </testcase>
  <testcase name="testSpringAopLogging" classname="com.library.LibraryManagementTests" time="0.005">
    <system-out><![CDATA[[AOP BEFORE] Executing method: BookService.getAllBooks()
[BookService] Fetching all books...
[AOP AFTER] Completed method: BookService.getAllBooks()
[AOP TIMER] Method BookService.getAllBooks() executed in 0 ms.
[AOP BEFORE] Executing method: BookService.addBook(..)
[BookService] Adding book: Spring Boot in Action
[AOP AFTER] Completed method: BookService.addBook(..)
[AOP TIMER] Method BookService.addBook(..) executed in 1 ms.
]]></system-out>
  </testcase>
  <testcase name="testCrudOperations" classname="com.library.LibraryManagementTests" time="0.007">
    <system-out><![CDATA[[AOP BEFORE] Executing method: BookService.getAllBooks()
[BookService] Fetching all books...
[AOP AFTER] Completed method: BookService.getAllBooks()
[AOP TIMER] Method BookService.getAllBooks() executed in 0 ms.
[AOP BEFORE] Executing method: BookService.addBook(..)
[BookService] Adding book: Microservices Patterns
[AOP AFTER] Completed method: BookService.addBook(..)
[AOP TIMER] Method BookService.addBook(..) executed in 1 ms.
[AOP BEFORE] Executing method: BookService.getAllBooks()
[BookService] Fetching all books...
[AOP AFTER] Completed method: BookService.getAllBooks()
[AOP TIMER] Method BookService.getAllBooks() executed in 0 ms.
[AOP BEFORE] Executing method: BookService.getBookById(..)
[BookService] Fetching book with ID: 5
[AOP AFTER] Completed method: BookService.getBookById(..)
[AOP TIMER] Method BookService.getBookById(..) executed in 1 ms.
[AOP BEFORE] Executing method: BookService.deleteBook(..)
[BookService] Deleting book with ID: 5
[AOP AFTER] Completed method: BookService.deleteBook(..)
[AOP TIMER] Method BookService.deleteBook(..) executed in 1 ms.
]]></system-out>
  </testcase>
</testsuite>